<?xml version="1.0" encoding="UTF-8"?>
<testsuite name="com.example.demo.PostgreSqlTestApplicationTests" tests="1" skipped="0" failures="0" errors="0" timestamp="2021-06-03T13:08:49" hostname="MOUSE-DAIV" time="0.243">
  <properties/>
  <testcase name="contextLoads()" classname="com.example.demo.PostgreSqlTestApplicationTests" time="0.243"/>
  <system-out><![CDATA[22:08:41.125 [Test worker] DEBUG org.springframework.test.context.BootstrapUtils - Instantiating CacheAwareContextLoaderDelegate from class [org.springframework.test.context.cache.DefaultCacheAwareContextLoaderDelegate]
22:08:41.170 [Test worker] DEBUG org.springframework.test.context.BootstrapUtils - Instantiating BootstrapContext using constructor [public org.springframework.test.context.support.DefaultBootstrapContext(java.lang.Class,org.springframework.test.context.CacheAwareContextLoaderDelegate)]
22:08:41.242 [Test worker] DEBUG org.springframework.test.context.BootstrapUtils - Instantiating TestContextBootstrapper for test class [com.example.demo.PostgreSqlTestApplicationTests] from class [org.springframework.boot.test.context.SpringBootTestContextBootstrapper]
22:08:41.265 [Test worker] INFO org.springframework.boot.test.context.SpringBootTestContextBootstrapper - Neither @ContextConfiguration nor @ContextHierarchy found for test class [com.example.demo.PostgreSqlTestApplicationTests], using SpringBootContextLoader
22:08:41.274 [Test worker] DEBUG org.springframework.test.context.support.AbstractContextLoader - Did not detect default resource location for test class [com.example.demo.PostgreSqlTestApplicationTests]: class path resource [com/example/demo/PostgreSqlTestApplicationTests-context.xml] does not exist
22:08:41.276 [Test worker] DEBUG org.springframework.test.context.support.AbstractContextLoader - Did not detect default resource location for test class [com.example.demo.PostgreSqlTestApplicationTests]: class path resource [com/example/demo/PostgreSqlTestApplicationTestsContext.groovy] does not exist
22:08:41.276 [Test worker] INFO org.springframework.test.context.support.AbstractContextLoader - Could not detect default resource locations for test class [com.example.demo.PostgreSqlTestApplicationTests]: no resource found for suffixes {-context.xml, Context.groovy}.
22:08:41.277 [Test worker] INFO org.springframework.test.context.support.AnnotationConfigContextLoaderUtils - Could not detect default configuration classes for test class [com.example.demo.PostgreSqlTestApplicationTests]: PostgreSqlTestApplicationTests does not declare any static, non-private, non-final, nested classes annotated with @Configuration.
22:08:41.355 [Test worker] DEBUG org.springframework.test.context.support.ActiveProfilesUtils - Could not find an 'annotation declaring class' for annotation type [org.springframework.test.context.ActiveProfiles] and class [com.example.demo.PostgreSqlTestApplicationTests]
22:08:41.479 [Test worker] DEBUG org.springframework.context.annotation.ClassPathScanningCandidateComponentProvider - Identified candidate component class: file [C:\Users\dangk\stsProjects\postgreSQL_test\postgreSQL_test\build\classes\java\main\com\example\demo\PostgreSqlTestApplication.class]
22:08:41.481 [Test worker] INFO org.springframework.boot.test.context.SpringBootTestContextBootstrapper - Found @SpringBootConfiguration com.example.demo.PostgreSqlTestApplication for test class com.example.demo.PostgreSqlTestApplicationTests
22:08:41.693 [Test worker] DEBUG org.springframework.boot.test.context.SpringBootTestContextBootstrapper - @TestExecutionListeners is not present for class [com.example.demo.PostgreSqlTestApplicationTests]: using defaults.
22:08:41.694 [Test worker] INFO org.springframework.boot.test.context.SpringBootTestContextBootstrapper - Loaded default TestExecutionListener class names from location [META-INF/spring.factories]: [org.springframework.boot.test.autoconfigure.restdocs.RestDocsTestExecutionListener, org.springframework.boot.test.autoconfigure.web.client.MockRestServiceServerResetTestExecutionListener, org.springframework.boot.test.autoconfigure.web.servlet.MockMvcPrintOnlyOnFailureTestExecutionListener, org.springframework.boot.test.autoconfigure.web.servlet.WebDriverTestExecutionListener, org.springframework.boot.test.autoconfigure.webservices.client.MockWebServiceServerTestExecutionListener, org.springframework.boot.test.mock.mockito.MockitoTestExecutionListener, org.springframework.boot.test.mock.mockito.ResetMocksTestExecutionListener, org.springframework.test.context.web.ServletTestExecutionListener, org.springframework.test.context.support.DirtiesContextBeforeModesTestExecutionListener, org.springframework.test.context.event.ApplicationEventsTestExecutionListener, org.springframework.test.context.support.DependencyInjectionTestExecutionListener, org.springframework.test.context.support.DirtiesContextTestExecutionListener, org.springframework.test.context.transaction.TransactionalTestExecutionListener, org.springframework.test.context.jdbc.SqlScriptsTestExecutionListener, org.springframework.test.context.event.EventPublishingTestExecutionListener]
22:08:41.738 [Test worker] INFO org.springframework.boot.test.context.SpringBootTestContextBootstrapper - Using TestExecutionListeners: [org.springframework.test.context.web.ServletTestExecutionListener@398dc3a0, org.springframework.test.context.support.DirtiesContextBeforeModesTestExecutionListener@7cd99203, org.springframework.test.context.event.ApplicationEventsTestExecutionListener@22daaa9c, org.springframework.boot.test.mock.mockito.MockitoTestExecutionListener@1dfffd7b, org.springframework.boot.test.autoconfigure.SpringBootDependencyInjectionTestExecutionListener@4a38ada7, org.springframework.test.context.support.DirtiesContextTestExecutionListener@7a416769, org.springframework.test.context.transaction.TransactionalTestExecutionListener@db8acf7, org.springframework.test.context.jdbc.SqlScriptsTestExecutionListener@6f4e9c1e, org.springframework.test.context.event.EventPublishingTestExecutionListener@609441c5, org.springframework.boot.test.autoconfigure.restdocs.RestDocsTestExecutionListener@119f1891, org.springframework.boot.test.autoconfigure.web.client.MockRestServiceServerResetTestExecutionListener@5988d141, org.springframework.boot.test.autoconfigure.web.servlet.MockMvcPrintOnlyOnFailureTestExecutionListener@42bd0802, org.springframework.boot.test.autoconfigure.web.servlet.WebDriverTestExecutionListener@e5f3f9, org.springframework.boot.test.autoconfigure.webservices.client.MockWebServiceServerTestExecutionListener@695728e4, org.springframework.boot.test.mock.mockito.ResetMocksTestExecutionListener@76cafe56]
22:08:41.745 [Test worker] DEBUG org.springframework.test.context.support.AbstractDirtiesContextTestExecutionListener - Before test class: context [DefaultTestContext@6e4f0447 testClass = PostgreSqlTestApplicationTests, testInstance = [null], testMethod = [null], testException = [null], mergedContextConfiguration = [WebMergedContextConfiguration@2c7fcf28 testClass = PostgreSqlTestApplicationTests, locations = '{}', classes = '{class com.example.demo.PostgreSqlTestApplication}', contextInitializerClasses = '[]', activeProfiles = '{}', propertySourceLocations = '{}', propertySourceProperties = '{org.springframework.boot.test.context.SpringBootTestContextBootstrapper=true}', contextCustomizers = set[org.springframework.boot.test.autoconfigure.actuate.metrics.MetricsExportContextCustomizerFactory$DisableMetricExportContextCustomizer@67fb59a0, org.springframework.boot.test.autoconfigure.properties.PropertyMappingContextCustomizer@0, org.springframework.boot.test.autoconfigure.web.servlet.WebDriverContextCustomizerFactory$Customizer@7a10dce, org.springframework.boot.test.context.filter.ExcludeFilterContextCustomizer@3036ea2b, org.springframework.boot.test.json.DuplicateJsonObjectContextCustomizerFactory$DuplicateJsonObjectContextCustomizer@476bfd95, org.springframework.boot.test.mock.mockito.MockitoContextCustomizer@0, org.springframework.boot.test.web.client.TestRestTemplateContextCustomizer@78eb4662, org.springframework.boot.test.context.SpringBootTestArgs@1, org.springframework.boot.test.context.SpringBootTestWebEnvironment@7a5494d0], resourceBasePath = 'src/main/webapp', contextLoader = 'org.springframework.boot.test.context.SpringBootContextLoader', parent = [null]], attributes = map['org.springframework.test.context.web.ServletTestExecutionListener.activateListener' -> true]], class annotated with @DirtiesContext [false] with mode [null].
22:08:41.795 [Test worker] DEBUG org.springframework.test.context.support.TestPropertySourceUtils - Adding inlined properties to environment: {spring.jmx.enabled=false, org.springframework.boot.test.context.SpringBootTestContextBootstrapper=true}

  .   ____          _            __ _ _
 /\\ / ___'_ __ _ _(_)_ __  __ _ \ \ \ \
( ( )\___ | '_ | '_| | '_ \/ _` | \ \ \ \
 \\/  ___)| |_)| | | | | || (_| |  ) ) ) )
  '  |____| .__|_| |_|_| |_\__, | / / / /
 =========|_|==============|___/=/_/_/_/
 :: Spring Boot ::                (v2.5.0)

2021-06-03 22:08:42.350  INFO 21072 --- [    Test worker] c.e.demo.PostgreSqlTestApplicationTests  : Starting PostgreSqlTestApplicationTests using Java 11.0.11 on mouse-DAIV with PID 21072 (started by dangkicchi in C:\Users\dangk\stsProjects\postgreSQL_test\postgreSQL_test)
2021-06-03 22:08:42.355  INFO 21072 --- [    Test worker] c.e.demo.PostgreSqlTestApplicationTests  : No active profile set, falling back to default profiles: default
2021-06-03 22:08:43.672  INFO 21072 --- [    Test worker] .s.d.r.c.RepositoryConfigurationDelegate : Bootstrapping Spring Data JPA repositories in DEFAULT mode.
2021-06-03 22:08:43.789  INFO 21072 --- [    Test worker] .s.d.r.c.RepositoryConfigurationDelegate : Finished Spring Data repository scanning in 96 ms. Found 2 JPA repository interfaces.
2021-06-03 22:08:44.843  INFO 21072 --- [    Test worker] o.hibernate.jpa.internal.util.LogHelper  : HHH000204: Processing PersistenceUnitInfo [name: default]
2021-06-03 22:08:44.943  INFO 21072 --- [    Test worker] org.hibernate.Version                    : HHH000412: Hibernate ORM core version 5.4.31.Final
2021-06-03 22:08:44.947  INFO 21072 --- [    Test worker] org.hibernate.cfg.Environment            : HHH000205: Loaded properties from resource hibernate.properties: {hibernate.bytecode.use_reflection_optimizer=false, hibernate.jdbc.lob.non_contextual_creation=true}
2021-06-03 22:08:45.191  INFO 21072 --- [    Test worker] o.hibernate.annotations.common.Version   : HCANN000001: Hibernate Commons Annotations {5.1.2.Final}
2021-06-03 22:08:45.391  INFO 21072 --- [    Test worker] com.zaxxer.hikari.HikariDataSource       : HikariPool-1 - Starting...
2021-06-03 22:08:45.658  INFO 21072 --- [    Test worker] com.zaxxer.hikari.HikariDataSource       : HikariPool-1 - Start completed.
2021-06-03 22:08:45.688  INFO 21072 --- [    Test worker] org.hibernate.dialect.Dialect            : HHH000400: Using dialect: org.hibernate.dialect.PostgreSQL95Dialect
2021-06-03 22:08:46.908  INFO 21072 --- [    Test worker] o.h.e.t.j.p.i.JtaPlatformInitiator       : HHH000490: Using JtaPlatform implementation: [org.hibernate.engine.transaction.jta.platform.internal.NoJtaPlatform]
2021-06-03 22:08:46.923  INFO 21072 --- [    Test worker] j.LocalContainerEntityManagerFactoryBean : Initialized JPA EntityManagerFactory for persistence unit 'default'
2021-06-03 22:08:48.092  WARN 21072 --- [    Test worker] JpaBaseConfiguration$JpaWebConfiguration : spring.jpa.open-in-view is enabled by default. Therefore, database queries may be performed during view rendering. Explicitly configure spring.jpa.open-in-view to disable this warning
2021-06-03 22:08:49.356  INFO 21072 --- [    Test worker] c.e.demo.PostgreSqlTestApplicationTests  : Started PostgreSqlTestApplicationTests in 7.549 seconds (JVM running for 10.338)
2021-06-03 22:08:49.358  INFO 21072 --- [    Test worker] o.s.b.a.ApplicationAvailabilityBean      : Application availability state LivenessState changed to CORRECT
2021-06-03 22:08:49.361  INFO 21072 --- [    Test worker] o.s.b.a.ApplicationAvailabilityBean      : Application availability state ReadinessState changed to ACCEPTING_TRAFFIC
]]></system-out>
  <system-err><![CDATA[]]></system-err>
</testsuite>
